isolated install requested; creating a virtual environment
venv_dir: .repro_venvs\httpx-json-request-body-compact\new-httpx-0.28.0
base_python: python
venv create command: python -m venv .repro_venvs\httpx-json-request-body-compact\new-httpx-0.28.0
venv create exit_code: 0


install command: .repro_venvs\httpx-json-request-body-compact\new-httpx-0.28.0\Scripts\python.exe -m pip install httpx==0.28.0
install exit_code: 0
Collecting httpx==0.28.0
  Downloading httpx-0.28.0-py3-none-any.whl.metadata (7.1 kB)
Collecting anyio (from httpx==0.28.0)
  Using cached anyio-4.13.0-py3-none-any.whl.metadata (4.5 kB)
Collecting certifi (from httpx==0.28.0)
  Using cached certifi-2026.4.22-py3-none-any.whl.metadata (2.5 kB)
Collecting httpcore==1.* (from httpx==0.28.0)
  Using cached httpcore-1.0.9-py3-none-any.whl.metadata (21 kB)
Collecting idna (from httpx==0.28.0)
  Using cached idna-3.15-py3-none-any.whl.metadata (7.7 kB)
Collecting h11>=0.16 (from httpcore==1.*->httpx==0.28.0)
  Using cached h11-0.16.0-py3-none-any.whl.metadata (8.3 kB)
Collecting typing_extensions>=4.5 (from anyio->httpx==0.28.0)
  Using cached typing_extensions-4.15.0-py3-none-any.whl.metadata (3.3 kB)
Downloading httpx-0.28.0-py3-none-any.whl (73 kB)
   ---------------------------------------- 73.6/73.6 kB 311.9 kB/s eta 0:00:00
Using cached httpcore-1.0.9-py3-none-any.whl (78 kB)
Using cached anyio-4.13.0-py3-none-any.whl (114 kB)
Using cached idna-3.15-py3-none-any.whl (72 kB)
Using cached certifi-2026.4.22-py3-none-any.whl (135 kB)
Using cached h11-0.16.0-py3-none-any.whl (37 kB)
Using cached typing_extensions-4.15.0-py3-none-any.whl (44 kB)
Installing collected packages: typing_extensions, idna, h11, certifi, httpcore, anyio, httpx
Successfully installed anyio-4.13.0 certifi-2026.4.22 h11-0.16.0 httpcore-1.0.9 httpx-0.28.0 idna-3.15 typing_extensions-4.15.0


[notice] A new release of pip is available: 24.0 -> 26.1.1
[notice] To update, run: D:\myproject\beach\.repro_venvs\httpx-json-request-body-compact\new-httpx-0.28.0\Scripts\python.exe -m pip install --upgrade pip

