isolated install requested; creating a virtual environment
venv_dir: .repro_venvs\pandas-str-replace-regex-default\old-pandas-1.5.3
base_python: C:\Users\canglan\AppData\Roaming\uv\python\cpython-3.10-windows-x86_64-none\python.exe
venv create command: C:\Users\canglan\AppData\Roaming\uv\python\cpython-3.10-windows-x86_64-none\python.exe -m venv .repro_venvs\pandas-str-replace-regex-default\old-pandas-1.5.3
venv create exit_code: 0


install command: .repro_venvs\pandas-str-replace-regex-default\old-pandas-1.5.3\Scripts\python.exe -m pip install numpy==1.24.4 pandas==1.5.3
install exit_code: 0
Collecting numpy==1.24.4
  Downloading numpy-1.24.4-cp310-cp310-win_amd64.whl (14.8 MB)
     ---------------------------------------- 14.8/14.8 MB 8.3 MB/s eta 0:00:00
Collecting pandas==1.5.3
  Downloading pandas-1.5.3-cp310-cp310-win_amd64.whl (10.4 MB)
     --------------------------------------- 10.4/10.4 MB 13.1 MB/s eta 0:00:00
Collecting pytz>=2020.1
  Downloading pytz-2026.2-py2.py3-none-any.whl (510 kB)
     ------------------------------------- 510.1/510.1 kB 16.1 MB/s eta 0:00:00
Collecting python-dateutil>=2.8.1
  Downloading python_dateutil-2.9.0.post0-py2.py3-none-any.whl (229 kB)
     -------------------------------------- 229.9/229.9 kB 7.1 MB/s eta 0:00:00
Collecting six>=1.5
  Downloading six-1.17.0-py2.py3-none-any.whl (11 kB)
Installing collected packages: pytz, six, numpy, python-dateutil, pandas
Successfully installed numpy-1.24.4 pandas-1.5.3 python-dateutil-2.9.0.post0 pytz-2026.2 six-1.17.0


[notice] A new release of pip is available: 23.0.1 -> 26.1.1
[notice] To update, run: D:\myproject\beach\.repro_venvs\pandas-str-replace-regex-default\old-pandas-1.5.3\Scripts\python.exe -m pip install --upgrade pip

