isolated install requested; creating a virtual environment
venv_dir: .repro_venvs\sklearn-kmeans-n-init-auto\old-scikit-learn-1.3.2
base_python: C:\Users\canglan\AppData\Roaming\uv\python\cpython-3.10-windows-x86_64-none\python.exe
venv create command: C:\Users\canglan\AppData\Roaming\uv\python\cpython-3.10-windows-x86_64-none\python.exe -m venv .repro_venvs\sklearn-kmeans-n-init-auto\old-scikit-learn-1.3.2
venv create exit_code: 0


install command: .repro_venvs\sklearn-kmeans-n-init-auto\old-scikit-learn-1.3.2\Scripts\python.exe -m pip install scikit-learn==1.3.2
install exit_code: 0
Collecting scikit-learn==1.3.2
  Downloading scikit_learn-1.3.2-cp310-cp310-win_amd64.whl (9.3 MB)
     ---------------------------------------- 9.3/9.3 MB 5.9 MB/s eta 0:00:00
Collecting joblib>=1.1.1
  Downloading joblib-1.5.3-py3-none-any.whl (309 kB)
     ------------------------------------- 309.1/309.1 kB 18.7 MB/s eta 0:00:00
Collecting numpy<2.0,>=1.17.3
  Downloading numpy-1.26.4-cp310-cp310-win_amd64.whl (15.8 MB)
     --------------------------------------- 15.8/15.8 MB 14.9 MB/s eta 0:00:00
Collecting threadpoolctl>=2.0.0
  Downloading threadpoolctl-3.6.0-py3-none-any.whl (18 kB)
Collecting scipy>=1.5.0
  Downloading scipy-1.15.3-cp310-cp310-win_amd64.whl (41.3 MB)
     --------------------------------------- 41.3/41.3 MB 12.8 MB/s eta 0:00:00
Installing collected packages: threadpoolctl, numpy, joblib, scipy, scikit-learn
Successfully installed joblib-1.5.3 numpy-1.26.4 scikit-learn-1.3.2 scipy-1.15.3 threadpoolctl-3.6.0


[notice] A new release of pip is available: 23.0.1 -> 26.1.1
[notice] To update, run: D:\myproject\beach\.repro_venvs\sklearn-kmeans-n-init-auto\old-scikit-learn-1.3.2\Scripts\python.exe -m pip install --upgrade pip

