0 verbose cli C:\Program Files\nodejs\node.exe C:\Program Files\nodejs\node_modules\npm\bin\npm-cli.js
1 info using npm@11.9.0
2 info using node@v25.6.1
3 silly config load:file:C:\Program Files\nodejs\node_modules\npm\npmrc
4 silly config load:file:D:\myproject\beach\.npmrc
5 silly config load:file:C:\Users\canglan\.npmrc
6 silly config load:file:C:\Users\canglan\AppData\Roaming\npm\etc\npmrc
7 verbose title npm exec node -e const {z}=require('zod'); console.log(JSON.stringify(z.object({a:z.string().default('tuna').optional()}).parse({})))
8 verbose argv "exec" "--yes" "--package" "zod@3.25.76" "--" "node" "-e" "const {z}=require('zod'); console.log(JSON.stringify(z.object({a:z.string().default('tuna').optional()}).parse({})))"
9 verbose logfile logs-max:10 dir:D:\myproject\beach\data\.npm-cache\_logs\2026-05-20T10_24_13_208Z-
10 verbose logfile D:\myproject\beach\data\.npm-cache\_logs\2026-05-20T10_24_13_208Z-debug-0.log
11 silly logfile done cleaning log files
12 silly packumentCache heap:4496293888 maxSize:1124073472 maxEntrySize:562036736
13 http fetch GET 200 https://registry.npmmirror.com/zod 2294ms (cache miss)
14 silly packumentCache heap:4496293888 maxSize:1124073472 maxEntrySize:562036736
15 silly idealTree buildDeps
16 silly fetch manifest zod@3.25.76
17 silly packumentCache full:https://registry.npmmirror.com/zod cache-miss
18 http fetch GET 200 https://registry.npmmirror.com/zod 1201ms (cache miss)
19 silly packumentCache full:https://registry.npmmirror.com/zod set size:431552 disposed:false
20 silly placeDep ROOT zod@3.25.76 OK for:  want: 3.25.76
21 silly reify moves {}
22 silly audit bulk request { zod: [ '3.25.76' ] }
23 http cache zod@https://registry.npmmirror.com/zod/-/zod-3.25.76.tgz 0ms (cache hit)
24 silly tarball no local data for zod@https://registry.npmmirror.com/zod/-/zod-3.25.76.tgz. Extracting by manifest.
25 http fetch POST 404 https://registry.npmmirror.com/-/npm/v1/security/advisories/bulk 495ms
26 verbose audit error HttpErrorGeneral: 404 Not Found - POST https://registry.npmmirror.com/-/npm/v1/security/advisories/bulk - [NOT_IMPLEMENTED] /-/npm/v1/security/* not implemented yet
26 verbose audit error     at C:\Program Files\nodejs\node_modules\npm\node_modules\npm-registry-fetch\lib\check-response.js:103:15
26 verbose audit error     at process.processTicksAndRejections (node:internal/process/task_queues:104:5)
26 verbose audit error     at async #getReport (C:\Program Files\nodejs\node_modules\npm\node_modules\@npmcli\arborist\lib\audit-report.js:275:19)
26 verbose audit error     at async AuditReport.run (C:\Program Files\nodejs\node_modules\npm\node_modules\@npmcli\arborist\lib\audit-report.js:100:19) {
26 verbose audit error   headers: [Object: null prototype] {
26 verbose audit error     server: [ 'Tengine' ],
26 verbose audit error     date: [ 'Wed, 20 May 2026 10:24:37 GMT' ],
26 verbose audit error     'content-type': [ 'application/json' ],
26 verbose audit error     'transfer-encoding': [ 'chunked' ],
26 verbose audit error     connection: [ 'keep-alive' ],
26 verbose audit error     'strict-transport-security': [ 'max-age=5184000' ],
26 verbose audit error     via: [ 'kunlun4.cn9174[,404666]' ],
26 verbose audit error     'timing-allow-origin': [ '*' ],
26 verbose audit error     eagleid: [ '8cf9916817792726776954566e' ],
26 verbose audit error     'x-fetch-attempts': [ '1' ]
26 verbose audit error   },
26 verbose audit error   statusCode: 404,
26 verbose audit error   code: 'E404',
26 verbose audit error   method: 'POST',
26 verbose audit error   uri: 'https://registry.npmmirror.com/-/npm/v1/security/advisories/bulk',
26 verbose audit error   body: {
26 verbose audit error     error: '[NOT_IMPLEMENTED] /-/npm/v1/security/* not implemented yet'
26 verbose audit error   },
26 verbose audit error   pkgid: undefined
26 verbose audit error }
27 silly audit error [object Object]
28 silly audit report null
29 http fetch GET 200 https://cdn.npmmirror.com/packages/zod/3.25.76/zod-3.25.76.tgz 5791ms (cache miss)
30 verbose cwd D:\myproject\beach
31 verbose os Windows_NT 10.0.19045
32 verbose node v25.6.1
33 verbose npm  v11.9.0
34 verbose exit 1
35 verbose code 1
