0 verbose cli C:\Program Files\nodejs\node.exe C:\Program Files\nodejs\node_modules\npm\bin\npm-cli.js
1 info using npm@11.9.0
2 info using node@v25.6.1
3 silly config load:file:C:\Program Files\nodejs\node_modules\npm\npmrc
4 silly config load:file:D:\myproject\beach\.npmrc
5 silly config load:file:C:\Users\canglan\.npmrc
6 silly config load:file:C:\Users\canglan\AppData\Roaming\npm\etc\npmrc
7 verbose title npm exec node -e console.log(require.resolve('zod'))
8 verbose argv "exec" "--yes" "--package" "zod@3.25.76" "--" "node" "-e" "console.log(require.resolve('zod'))"
9 verbose logfile logs-max:10 dir:D:\myproject\beach\data\.npm-cache\_logs\2026-05-20T10_24_40_111Z-
10 verbose logfile D:\myproject\beach\data\.npm-cache\_logs\2026-05-20T10_24_40_111Z-debug-0.log
11 silly logfile done cleaning log files
12 silly packumentCache heap:4496293888 maxSize:1124073472 maxEntrySize:562036736
13 http fetch GET 200 https://registry.npmmirror.com/zod 1568ms (cache revalidated)
14 silly packumentCache heap:4496293888 maxSize:1124073472 maxEntrySize:562036736
15 verbose cwd D:\myproject\beach
16 verbose os Windows_NT 10.0.19045
17 verbose node v25.6.1
18 verbose npm  v11.9.0
19 verbose exit 1
20 verbose code 1
