0 verbose cli C:\Program Files\nodejs\node.exe C:\Program Files\nodejs\node_modules\npm\bin\npm-cli.js
1 info using npm@11.9.0
2 info using node@v25.6.1
3 silly config load:file:C:\Program Files\nodejs\node_modules\npm\npmrc
4 silly config load:file:D:\myproject\beach\.npmrc
5 silly config load:file:C:\Users\canglan\.npmrc
6 silly config load:file:C:\Users\canglan\AppData\Roaming\npm\etc\npmrc
7 verbose title npm exec node -e const {z}=require('zod'); console.log(JSON.stringify(z.object({a:z.string().default('tuna').optional()}).parse({})))
8 verbose argv "exec" "--yes" "--package" "zod@3.25.76" "--" "node" "-e" "const {z}=require('zod'); console.log(JSON.stringify(z.object({a:z.string().default('tuna').optional()}).parse({})))"
9 verbose logfile logs-max:10 dir:D:\myproject\beach\data\.npm-cache\_logs\2026-05-20T10_21_44_361Z-
10 verbose logfile D:\myproject\beach\data\.npm-cache\_logs\2026-05-20T10_21_44_361Z-debug-0.log
11 silly logfile done cleaning log files
12 silly packumentCache heap:4496293888 maxSize:1124073472 maxEntrySize:562036736
13 http fetch GET https://registry.npmmirror.com/zod attempt 1 failed with EACCES
14 http fetch GET https://registry.npmmirror.com/npm attempt 1 failed with EACCES
15 http fetch GET https://registry.npmmirror.com/zod attempt 2 failed with EACCES
16 http fetch GET https://registry.npmmirror.com/npm attempt 2 failed with EACCES
17 http fetch GET https://registry.npmmirror.com/zod attempt 3 failed with EACCES
18 http fetch GET https://registry.npmmirror.com/npm attempt 3 failed with EACCES
19 verbose type system
20 verbose stack FetchError: request to https://registry.npmmirror.com/zod failed, reason: connect EACCES 121.207.229.136:443
20 verbose stack     at ClientRequest.<anonymous> (C:\Program Files\nodejs\node_modules\npm\node_modules\minipass-fetch\lib\index.js:130:14)
20 verbose stack     at ClientRequest.emit (node:events:508:20)
20 verbose stack     at emitErrorEvent (node:_http_client:108:11)
20 verbose stack     at _destroy (node:_http_client:963:9)
20 verbose stack     at onSocketNT (node:_http_client:983:5)
20 verbose stack     at process.processTicksAndRejections (node:internal/process/task_queues:91:21)
21 error code EACCES
22 error syscall connect
23 error errno EACCES
24 error FetchError: request to https://registry.npmmirror.com/zod failed, reason: connect EACCES 121.207.229.136:443
24 error     at ClientRequest.<anonymous> (C:\Program Files\nodejs\node_modules\npm\node_modules\minipass-fetch\lib\index.js:130:14)
24 error     at ClientRequest.emit (node:events:508:20)
24 error     at emitErrorEvent (node:_http_client:108:11)
24 error     at _destroy (node:_http_client:963:9)
24 error     at onSocketNT (node:_http_client:983:5)
24 error     at process.processTicksAndRejections (node:internal/process/task_queues:91:21) {
24 error   code: 'EACCES',
24 error   errno: 'EACCES',
24 error   syscall: 'connect',
24 error   address: '121.207.229.136',
24 error   port: 443,
24 error   type: 'system'
24 error }
25 error
25 error The operation was rejected by your operating system.
25 error It's possible that the file was already in use (by a text editor or antivirus),
25 error or that you lack permissions to access it.
25 error
25 error If you believe this might be a permissions issue, please double-check the
25 error permissions of the file and its containing directories, or try running
25 error the command again as root/Administrator.
26 verbose cwd D:\myproject\beach
27 verbose os Windows_NT 10.0.19045
28 verbose node v25.6.1
29 verbose npm  v11.9.0
30 verbose exit 1
31 verbose code 1
32 error A complete log of this run can be found in: D:\myproject\beach\data\.npm-cache\_logs\2026-05-20T10_21_44_361Z-debug-0.log
